<?xml version="1.0" encoding="UTF-8"?>
<!-- Generated by org.testng.reporters.JUnitReportReporter -->
<testsuite hostname="DESKTOP-06DQJJV" name="Android.test.eCommerce_tc_2" tests="1" failures="0" timestamp="24 Feb 2023 09:14:54 GMT" time="18.760" errors="0">
  <testcase name="FillForm" time="18.760" classname="Android.test.eCommerce_tc_2"/>
</testsuite> <!-- Android.test.eCommerce_tc_2 -->
