<?xml version="1.0" encoding="UTF-8"?>
<!-- Generated by org.testng.reporters.JUnitReportReporter -->
<testsuite hostname="DESKTOP-06DQJJV" name="Android.test.learn" tests="1" failures="0" timestamp="24 Feb 2023 13:35:21 GMT" time="0.013" errors="0">
  <testcase name="test" time="0.013" classname="Android.test.learn"/>
</testsuite> <!-- Android.test.learn -->
