<?xml version="1.0" encoding="UTF-8"?>
<!-- Generated by org.testng.reporters.JUnitReportReporter -->
<testsuite hostname="DESKTOP-06DQJJV" name="Android.test.eCommerce_tc_3" tests="2" failures="0" timestamp="2 Mar 2023 20:48:10 GMT" time="60.295" errors="0">
  <testcase name="FillForm" time="15.357" classname="Android.test.eCommerce_tc_3"/>
  <testcase name="FillForm" time="44.938" classname="Android.test.eCommerce_tc_3"/>
</testsuite> <!-- Android.test.eCommerce_tc_3 -->
