<?xml version="1.0" encoding="UTF-8"?>
<!-- Generated by org.testng.reporters.JUnitReportReporter -->
<testsuite hostname="DESKTOP-06DQJJV" name="Android.test.AppiumBasics" tests="1" failures="0" timestamp="27 Feb 2023 18:27:26 GMT" time="0.006" errors="0">
  <testcase name="AppiumTest" time="0.006" classname="Android.test.AppiumBasics"/>
</testsuite> <!-- Android.test.AppiumBasics -->
